<?xml version="1.0" encoding="UTF-8"?>
<!-- Generated by org.testng.reporters.JUnitReportReporter -->
<testsuite hostname="DESKTOP-INM76MF" failures="0" tests="1" name="com.nbcuni.pizzaform.tests.DemoTest" time="0.006" errors="0" timestamp="08 Apr 2021 02:59:26 GMT" skipped="0">
  <testcase classname="com.nbcuni.pizzaform.tests.DemoTest" name="demoTest" time="0.006"/>
</testsuite> <!-- com.nbcuni.pizzaform.tests.DemoTest -->
