<?xml version="1.0" encoding="UTF-8"?>
<!-- Generated by org.testng.reporters.JUnitReportReporter -->
<testsuite hostname="DESKTOP-INM76MF" failures="0" tests="1" name="com.sample.test.demo.tests.DemoTest" time="0.005" errors="0" timestamp="08 Apr 2021 02:25:08 GMT" skipped="0">
  <testcase classname="com.sample.test.demo.tests.DemoTest" name="demoTest" time="0.005"/>
</testsuite> <!-- com.sample.test.demo.tests.DemoTest -->
