<?xml version="1.0" encoding="UTF-8"?>
<!-- Generated by org.testng.reporters.JUnitReportReporter -->
<testsuite hostname="DESKTOP-INM76MF" failures="0" tests="2" name="com.nbcuni.pizzaform.tests.PizzaFormTest" time="8.059" errors="0" timestamp="08 Apr 2021 19:20:56 GMT" skipped="0">
  <testcase classname="com.nbcuni.pizzaform.tests.PizzaFormTest" name="defectDisplayTest" time="3.595"/>
  <testcase classname="com.nbcuni.pizzaform.tests.PizzaFormTest" name="happypathTest" time="4.464"/>
</testsuite> <!-- com.nbcuni.pizzaform.tests.PizzaFormTest -->
